<?xml version="1.0" encoding="UTF-8"?>
<!-- Generated by org.testng.reporters.JUnitReportReporter -->
<testsuite skipped="0" hostname="Saroja" name="TC1_VideoGameAPITest" tests="5" failures="0" timestamp="2020-09-20T00:02:56 PDT" time="4.948" errors="0">
  <testcase name="test_getAllVideoGames" time="3.300" classname="TC1_VideoGameAPITest"/>
  <system-out/>
  <testcase name="test_addVideoGame" time="0.535" classname="TC1_VideoGameAPITest"/>
  <system-out/>
  <testcase name="test_getVideoGame" time="0.932" classname="TC1_VideoGameAPITest"/>
  <system-out/>
  <testcase name="test_putVideoGame" time="0.150" classname="TC1_VideoGameAPITest"/>
  <system-out/>
  <testcase name="test_deleteVideoGame" time="0.031" classname="TC1_VideoGameAPITest"/>
  <system-out/>
</testsuite> <!-- TC1_VideoGameAPITest -->
