<?xml version="1.0" encoding="UTF-8"?>
<!-- Generated by org.testng.reporters.JUnitReportReporter -->
<testsuite skipped="0" hostname="Saroja" name="com.qa.restapi.TC1_VideoGameAPITest" tests="5" failures="0" timestamp="2020-09-20T00:19:08 PDT" time="5.462" errors="0">
  <testcase name="test_getAllVideoGames" time="3.242" classname="com.qa.restapi.TC1_VideoGameAPITest"/>
  <system-out/>
  <testcase name="test_addVideoGame" time="0.829" classname="com.qa.restapi.TC1_VideoGameAPITest"/>
  <system-out/>
  <testcase name="test_getVideoGame" time="1.255" classname="com.qa.restapi.TC1_VideoGameAPITest"/>
  <system-out/>
  <testcase name="test_putVideoGame" time="0.100" classname="com.qa.restapi.TC1_VideoGameAPITest"/>
  <system-out/>
  <testcase name="test_deleteVideoGame" time="0.036" classname="com.qa.restapi.TC1_VideoGameAPITest"/>
  <system-out/>
</testsuite> <!-- com.qa.restapi.TC1_VideoGameAPITest -->
